<?xml version="1.0" encoding="UTF-8"?>
<!-- Generated by org.testng.reporters.JUnitReportReporter -->
<testsuite hostname="DESKTOP-1997AR6" failures="0" tests="3" name="com.automation.test.HomeTest" time="57.739" errors="0" timestamp="2024-10-23T20:31:02 IST" skipped="0">
  <testcase classname="com.automation.test.HomeTest" name="verifyProductswithJson" time="14.443"/>
  <system-out/>
  <testcase classname="com.automation.test.HomeTest" name="completePayment" time="22.104"/>
  <system-out/>
  <testcase classname="com.automation.test.HomeTest" name="verifyProducts" time="21.192"/>
  <system-out/>
</testsuite> <!-- com.automation.test.HomeTest -->
