<?xml version="1.0" encoding="UTF-8"?>
<!-- Generated by org.testng.reporters.JUnitReportReporter -->
<testsuite hostname="DESKTOP-1997AR6" failures="0" tests="1" name="com.automation.test.LogInTest" time="9.930" errors="0" timestamp="2024-11-30T15:31:00 IST" skipped="0">
  <testcase classname="com.automation.test.LogInTest" name="VerifyValidLogIn" time="9.930"/>
  <system-out/>
</testsuite> <!-- com.automation.test.LogInTest -->
