<?xml version="1.0" encoding="UTF-8"?>
<!-- Generated by org.testng.reporters.JUnitReportReporter -->
<testsuite hostname="DESKTOP-1997AR6" failures="0" tests="1" name="com.automation.test.HomeTest" time="7.236" errors="0" timestamp="2024-09-15T17:42:12 IST" skipped="0">
  <testcase classname="com.automation.test.HomeTest" name="verifyProductswithJson" time="7.236"/>
  <system-out/>
</testsuite> <!-- com.automation.test.HomeTest -->
