<?xml version="1.0" encoding="UTF-8"?>
<!-- Generated by org.testng.reporters.JUnitReportReporter -->
<testsuite hostname="DESKTOP-1997AR6" failures="0" tests="3" name="com.automation.test.HomeTest" time="28.008" errors="0" timestamp="2024-09-03T12:57:34 IST" skipped="1">
  <testcase classname="com.automation.test.HomeTest" name="verifyProducts" time="6.543">
    <skipped/>
  </testcase> <!-- verifyProducts -->
  <system-out/>
  <testcase classname="com.automation.test.HomeTest" name="completePayment" time="12.334"/>
  <system-out/>
  <testcase classname="com.automation.test.HomeTest" name="completePayment" time="9.131"/>
  <system-out/>
</testsuite> <!-- com.automation.test.HomeTest -->
