<?xml version="1.0" encoding="UTF-8"?>
<!-- Generated by org.testng.reporters.JUnitReportReporter -->
<testsuite hostname="DESKTOP-1997AR6" failures="0" tests="1" name="com.automation.test.LogInTest" time="7.007" errors="0" timestamp="2024-09-15T17:44:04 IST" skipped="0">
  <testcase classname="com.automation.test.LogInTest" name="registerwithExistingEmail" time="7.007"/>
  <system-out/>
</testsuite> <!-- com.automation.test.LogInTest -->
